#
# There is insufficient memory for the Java Runtime Environment to continue.
# Native memory allocation (malloc) failed to allocate 197216 bytes for Chunk::new
# Possible reasons:
#   The system is out of physical RAM or swap space
#   The process is running with CompressedOops enabled, and the Java Heap may be blocking the growth of the native heap
# Possible solutions:
#   Reduce memory load on the system
#   Increase physical memory or swap space
#   Check if swap backing store is full
#   Decrease Java heap size (-Xmx/-Xms)
#   Decrease number of Java threads
#   Decrease Java thread stack sizes (-Xss)
#   Set larger code cache with -XX:ReservedCodeCacheSize=
#   JVM is running with Unscaled Compressed Oops mode in which the Java heap is
#     placed in the first 4GB address space. The Java Heap base address is the
#     maximum limit for the native heap growth. Please use -XX:HeapBaseMinAddress
#     to set the Java Heap base and to place the Java Heap above 4GB virtual address.
# This output file may be truncated or incomplete.
#
#  Out of Memory Error (allocation.cpp:389), pid=684, tid=0x0000000000001ef0
#
# JRE version: OpenJDK Runtime Environment (Zulu 8.68.0.21-CA-win64) (8.0_362-b09) (build 1.8.0_362-b09)
# Java VM: OpenJDK 64-Bit Server VM (25.362-b09 mixed mode windows-amd64 compressed oops)
# Failed to write core dump. Minidumps are not enabled by default on client versions of Windows
#

---------------  T H R E A D  ---------------

Current thread (0x000001cb344ec800):  JavaThread "C2 CompilerThread0" daemon [_thread_in_native, id=7920, stack(0x0000000e2bd00000,0x0000000e2be00000)]

Stack: [0x0000000e2bd00000,0x0000000e2be00000]
[error occurred during error reporting (printing stack bounds), id 0xc0000005]

Native frames: (J=compiled Java code, j=interpreted, Vv=VM code, C=native code)


Current CompileTask:
C2:  12060 1944       4       sun.security.provider.SHA::implCompress0 (482 bytes)


---------------  P R O C E S S  ---------------

Java Threads: ( => current thread )
  0x000001cb3455a000 JavaThread "Service Thread" daemon [_thread_blocked, id=8812, stack(0x0000000e2bf00000,0x0000000e2c000000)]
  0x000001cb344fd000 JavaThread "C1 CompilerThread1" daemon [_thread_blocked, id=10140, stack(0x0000000e2be00000,0x0000000e2bf00000)]
=>0x000001cb344ec800 JavaThread "C2 CompilerThread0" daemon [_thread_in_native, id=7920, stack(0x0000000e2bd00000,0x0000000e2be00000)]
  0x000001cb344e0800 JavaThread "Attach Listener" daemon [_thread_blocked, id=7620, stack(0x0000000e2bc00000,0x0000000e2bd00000)]
  0x000001cb344df000 JavaThread "Signal Dispatcher" daemon [_thread_blocked, id=5324, stack(0x0000000e2bb00000,0x0000000e2bc00000)]
  0x000001cb34024800 JavaThread "Finalizer" daemon [_thread_blocked, id=4772, stack(0x0000000e2ba00000,0x0000000e2bb00000)]
  0x000001cb3401c000 JavaThread "Reference Handler" daemon [_thread_blocked, id=1808, stack(0x0000000e2b900000,0x0000000e2ba00000)]
  0x000001cb223f8000 JavaThread "main" [_thread_in_native, id=6768, stack(0x0000000e2b700000,0x0000000e2b800000)]

Other Threads:
  0x000001cb33ff2000 VMThread [stack: 0x0000000e2b800000,0x0000000e2b900000] [id=9348]
  0x000001cb3452b800 WatcherThread [stack: 0x0000000e2c000000,0x0000000e2c100000] [id=2848]

VM state:not at safepoint (normal execution)

VM Mutex/Monitor currently owned by a thread: None

heap address: 0x0000000080000000, size: 2048 MB, Compressed Oops mode: 32-bit
Narrow klass base: 0x0000000000000000, Narrow klass shift: 3
Compressed class space size: 1073741824 Address: 0x0000000100000000

Heap:
 def new generation   total 8448K, used 3768K [0x0000000080000000, 0x0000000080920000, 0x00000000aaaa0000)
  eden space 7552K,  49% used [0x0000000080000000, 0x00000000803ae2e8, 0x0000000080760000)
  from space 896K,   0% used [0x0000000080760000, 0x0000000080760000, 0x0000000080840000)
  to   space 896K,   0% used [0x0000000080840000, 0x0000000080840000, 0x0000000080920000)
 tenured generation   total 18592K, used 11154K [0x00000000aaaa0000, 0x00000000abcc8000, 0x0000000100000000)
   the space 18592K,  59% used [0x00000000aaaa0000, 0x00000000ab5849e0, 0x00000000ab584a00, 0x00000000abcc8000)
 Metaspace       used 21177K, capacity 21492K, committed 21936K, reserved 1069056K
  class space    used 2320K, capacity 2435K, committed 2560K, reserved 1048576K

Card table byte_map: [0x000001cb33020000,0x000001cb33430000] byte_map_base: 0x000001cb32c20000

Polling page: 0x000001cb222d0000

CodeCache: size=245760Kb used=8025Kb max_used=8027Kb free=237734Kb
 bounds [0x000001cb23c60000, 0x000001cb24440000, 0x000001cb32c60000]
 total_blobs=2461 nmethods=1842 adapters=530
 compilation: enabled

Compilation events (10 events):
Event: 12.024 Thread 0x000001cb344fd000 nmethod 1940 0x000001cb244282d0 code [0x000001cb24428460, 0x000001cb244287e8]
Event: 12.025 Thread 0x000001cb344fd000 1941       3       sun.text.normalizer.NormalizerBase::normalize (223 bytes)
Event: 12.026 Thread 0x000001cb344fd000 nmethod 1941 0x000001cb2442c5d0 code [0x000001cb2442c8c0, 0x000001cb2442df70]
Event: 12.026 Thread 0x000001cb344fd000 1942   !   3       sun.security.x509.AVA::toRFC2253CanonicalString (484 bytes)
Event: 12.030 Thread 0x000001cb344fd000 nmethod 1942 0x000001cb2442ea10 code [0x000001cb2442f1a0, 0x000001cb24434740]
Event: 12.030 Thread 0x000001cb344ec800 1943 %     4       sun.security.provider.SHA::implCompress0 @ 3 (482 bytes)
Event: 12.046 Thread 0x000001cb344ec800 nmethod 1943% 0x000001cb2443a890 code [0x000001cb2443a9e0, 0x000001cb2443b4b8]
Event: 12.047 Thread 0x000001cb344ec800 1944       4       sun.security.provider.SHA::implCompress0 (482 bytes)
Event: 12.052 Thread 0x000001cb344fd000 1945       3       sun.security.util.SignatureFileVerifier::updateSigners (132 bytes)
Event: 12.053 Thread 0x000001cb344fd000 nmethod 1945 0x000001cb24438ad0 code [0x000001cb24438d60, 0x000001cb24439e40]

GC Heap History (10 events):
Event: 11.300 GC heap before
{Heap before GC invocations=58 (full 1):
 def new generation   total 4992K, used 4501K [0x0000000080000000, 0x0000000080560000, 0x00000000aaaa0000)
  eden space 4480K, 100% used [0x0000000080000000, 0x0000000080460000, 0x0000000080460000)
  from space 512K,   4% used [0x00000000804e0000, 0x00000000804e5730, 0x0000000080560000)
  to   space 512K,   0% used [0x0000000080460000, 0x0000000080460000, 0x00000000804e0000)
 tenured generation   total 10944K, used 9330K [0x00000000aaaa0000, 0x00000000ab550000, 0x0000000100000000)
   the space 10944K,  85% used [0x00000000aaaa0000, 0x00000000ab3bca90, 0x00000000ab3bcc00, 0x00000000ab550000)
 Metaspace       used 20860K, capacity 21156K, committed 21552K, reserved 1069056K
  class space    used 2291K, capacity 2391K, committed 2432K, reserved 1048576K
Event: 11.301 GC heap after
Heap after GC invocations=59 (full 1):
 def new generation   total 4992K, used 20K [0x0000000080000000, 0x0000000080560000, 0x00000000aaaa0000)
  eden space 4480K,   0% used [0x0000000080000000, 0x0000000080000000, 0x0000000080460000)
  from space 512K,   4% used [0x0000000080460000, 0x0000000080465310, 0x00000000804e0000)
  to   space 512K,   0% used [0x00000000804e0000, 0x00000000804e0000, 0x0000000080560000)
 tenured generation   total 10944K, used 9330K [0x00000000aaaa0000, 0x00000000ab550000, 0x0000000100000000)
   the space 10944K,  85% used [0x00000000aaaa0000, 0x00000000ab3bca90, 0x00000000ab3bcc00, 0x00000000ab550000)
 Metaspace       used 20860K, capacity 21156K, committed 21552K, reserved 1069056K
  class space    used 2291K, capacity 2391K, committed 2432K, reserved 1048576K
}
Event: 11.464 GC heap before
{Heap before GC invocations=59 (full 1):
 def new generation   total 4992K, used 4500K [0x0000000080000000, 0x0000000080560000, 0x00000000aaaa0000)
  eden space 4480K, 100% used [0x0000000080000000, 0x0000000080460000, 0x0000000080460000)
  from space 512K,   4% used [0x0000000080460000, 0x0000000080465310, 0x00000000804e0000)
  to   space 512K,   0% used [0x00000000804e0000, 0x00000000804e0000, 0x0000000080560000)
 tenured generation   total 10944K, used 9330K [0x00000000aaaa0000, 0x00000000ab550000, 0x0000000100000000)
   the space 10944K,  85% used [0x00000000aaaa0000, 0x00000000ab3bca90, 0x00000000ab3bcc00, 0x00000000ab550000)
 Metaspace       used 20868K, capacity 21156K, committed 21552K, reserved 1069056K
  class space    used 2293K, capacity 2391K, committed 2432K, reserved 1048576K
Event: 11.466 GC heap after
Heap after GC invocations=60 (full 1):
 def new generation   total 4992K, used 103K [0x0000000080000000, 0x0000000080560000, 0x00000000aaaa0000)
  eden space 4480K,   0% used [0x0000000080000000, 0x0000000080000000, 0x0000000080460000)
  from space 512K,  20% used [0x00000000804e0000, 0x00000000804f9cf0, 0x0000000080560000)
  to   space 512K,   0% used [0x0000000080460000, 0x0000000080460000, 0x00000000804e0000)
 tenured generation   total 10944K, used 9330K [0x00000000aaaa0000, 0x00000000ab550000, 0x0000000100000000)
   the space 10944K,  85% used [0x00000000aaaa0000, 0x00000000ab3bca90, 0x00000000ab3bcc00, 0x00000000ab550000)
 Metaspace       used 20868K, capacity 21156K, committed 21552K, reserved 1069056K
  class space    used 2293K, capacity 2391K, committed 2432K, reserved 1048576K
}
Event: 11.565 GC heap before
{Heap before GC invocations=60 (full 1):
 def new generation   total 4992K, used 4583K [0x0000000080000000, 0x0000000080560000, 0x00000000aaaa0000)
  eden space 4480K, 100% used [0x0000000080000000, 0x0000000080460000, 0x0000000080460000)
  from space 512K,  20% used [0x00000000804e0000, 0x00000000804f9cf0, 0x0000000080560000)
  to   space 512K,   0% used [0x0000000080460000, 0x0000000080460000, 0x00000000804e0000)
 tenured generation   total 10944K, used 9330K [0x00000000aaaa0000, 0x00000000ab550000, 0x0000000100000000)
   the space 10944K,  85% used [0x00000000aaaa0000, 0x00000000ab3bca90, 0x00000000ab3bcc00, 0x00000000ab550000)
 Metaspace       used 20873K, capacity 21156K, committed 21552K, reserved 1069056K
  class space    used 2294K, capacity 2391K, committed 2432K, reserved 1048576K
Event: 11.572 GC heap after
Heap after GC invocations=61 (full 1):
 def new generation   total 4992K, used 512K [0x0000000080000000, 0x0000000080560000, 0x00000000aaaa0000)
  eden space 4480K,   0% used [0x0000000080000000, 0x0000000080000000, 0x0000000080460000)
  from space 512K, 100% used [0x0000000080460000, 0x00000000804e0000, 0x00000000804e0000)
  to   space 512K,   0% used [0x00000000804e0000, 0x00000000804e0000, 0x0000000080560000)
 tenured generation   total 10944K, used 9594K [0x00000000aaaa0000, 0x00000000ab550000, 0x0000000100000000)
   the space 10944K,  87% used [0x00000000aaaa0000, 0x00000000ab3fe970, 0x00000000ab3fea00, 0x00000000ab550000)
 Metaspace       used 20873K, capacity 21156K, committed 21552K, reserved 1069056K
  class space    used 2294K, capacity 2391K, committed 2432K, reserved 1048576K
}
Event: 11.682 GC heap before
{Heap before GC invocations=61 (full 1):
 def new generation   total 4992K, used 4992K [0x0000000080000000, 0x0000000080560000, 0x00000000aaaa0000)
  eden space 4480K, 100% used [0x0000000080000000, 0x0000000080460000, 0x0000000080460000)
  from space 512K, 100% used [0x0000000080460000, 0x00000000804e0000, 0x00000000804e0000)
  to   space 512K,   0% used [0x00000000804e0000, 0x00000000804e0000, 0x0000000080560000)
 tenured generation   total 10944K, used 9594K [0x00000000aaaa0000, 0x00000000ab550000, 0x0000000100000000)
   the space 10944K,  87% used [0x00000000aaaa0000, 0x00000000ab3fe970, 0x00000000ab3fea00, 0x00000000ab550000)
 Metaspace       used 20884K, capacity 21156K, committed 21552K, reserved 1069056K
  class space    used 2298K, capacity 2391K, committed 2432K, reserved 1048576K
Event: 11.688 GC heap after
Heap after GC invocations=62 (full 1):
 def new generation   total 4992K, used 512K [0x0000000080000000, 0x0000000080560000, 0x00000000aaaa0000)
  eden space 4480K,   0% used [0x0000000080000000, 0x0000000080000000, 0x0000000080460000)
  from space 512K, 100% used [0x00000000804e0000, 0x0000000080560000, 0x0000000080560000)
  to   space 512K,   0% used [0x0000000080460000, 0x0000000080460000, 0x00000000804e0000)
 tenured generation   total 10944K, used 10863K [0x00000000aaaa0000, 0x00000000ab550000, 0x0000000100000000)
   the space 10944K,  99% used [0x00000000aaaa0000, 0x00000000ab53be40, 0x00000000ab53c000, 0x00000000ab550000)
 Metaspace       used 20884K, capacity 21156K, committed 21552K, reserved 1069056K
  class space    used 2298K, capacity 2391K, committed 2432K, reserved 1048576K
}
Event: 11.839 GC heap before
{Heap before GC invocations=62 (full 1):
 def new generation   total 4992K, used 4992K [0x0000000080000000, 0x0000000080560000, 0x00000000aaaa0000)
  eden space 4480K, 100% used [0x0000000080000000, 0x0000000080460000, 0x0000000080460000)
  from space 512K, 100% used [0x00000000804e0000, 0x0000000080560000, 0x0000000080560000)
  to   space 512K,   0% used [0x0000000080460000, 0x0000000080460000, 0x00000000804e0000)
 tenured generation   total 10944K, used 10863K [0x00000000aaaa0000, 0x00000000ab550000, 0x0000000100000000)
   the space 10944K,  99% used [0x00000000aaaa0000, 0x00000000ab53be40, 0x00000000ab53c000, 0x00000000ab550000)
 Metaspace       used 21071K, capacity 21352K, committed 21552K, reserved 1069056K
  class space    used 2311K, capacity 2432K, committed 2432K, reserved 1048576K
Event: 11.881 GC heap after
Heap after GC invocations=63 (full 2):
 def new generation   total 8448K, used 0K [0x0000000080000000, 0x0000000080920000, 0x00000000aaaa0000)
  eden space 7552K,   0% used [0x0000000080000000, 0x0000000080000000, 0x0000000080760000)
  from space 896K,   0% used [0x0000000080760000, 0x0000000080760000, 0x0000000080840000)
  to   space 896K,   0% used [0x0000000080840000, 0x0000000080840000, 0x0000000080920000)
 tenured generation   total 18592K, used 11154K [0x00000000aaaa0000, 0x00000000abcc8000, 0x0000000100000000)
   the space 18592K,  59% used [0x00000000aaaa0000, 0x00000000ab5849e0, 0x00000000ab584a00, 0x00000000abcc8000)
 Metaspace       used 21071K, capacity 21352K, committed 21552K, reserved 1069056K
  class space    used 2311K, capacity 2432K, committed 2432K, reserved 1048576K
}

Deoptimization events (10 events):
Event: 9.546 Thread 0x000001cb223f8000 Uncommon trap: reason=unstable_if action=reinterpret pc=0x000001cb23eccc38 method=java.io.DataInputStream.readUTF(Ljava/io/DataInput;)Ljava/lang/String; @ 31
Event: 9.589 Thread 0x000001cb223f8000 Uncommon trap: reason=unstable_if action=reinterpret pc=0x000001cb242e8cb0 method=sun.misc.URLClassPath$FileLoader.getResource(Ljava/lang/String;Z)Lsun/misc/Resource; @ 139
Event: 9.636 Thread 0x000001cb223f8000 Uncommon trap: reason=unstable_if action=reinterpret pc=0x000001cb2427ff64 method=java.io.WinNTFileSystem.prefixLength(Ljava/lang/String;)I @ 42
Event: 10.226 Thread 0x000001cb223f8000 Uncommon trap: reason=unstable_if action=reinterpret pc=0x000001cb242a6788 method=java.lang.ThreadLocal$ThreadLocalMap.getEntry(Ljava/lang/ThreadLocal;)Ljava/lang/ThreadLocal$ThreadLocalMap$Entry; @ 29
Event: 10.226 Thread 0x000001cb223f8000 Uncommon trap: reason=unstable_if action=reinterpret pc=0x000001cb242a635c method=java.lang.ThreadLocal$ThreadLocalMap.getEntry(Ljava/lang/ThreadLocal;)Ljava/lang/ThreadLocal$ThreadLocalMap$Entry; @ 29
Event: 10.294 Thread 0x000001cb223f8000 Uncommon trap: reason=unstable_if action=reinterpret pc=0x000001cb241e3f94 method=java.lang.CharacterDataLatin1.digit(II)I @ 82
Event: 11.061 Thread 0x000001cb223f8000 Uncommon trap: reason=predicate action=maybe_recompile pc=0x000001cb240175a0 method=groovyjarjarantlr.InputBuffer.syncConsume()V @ 7
Event: 11.061 Thread 0x000001cb223f8000 Uncommon trap: reason=predicate action=maybe_recompile pc=0x000001cb24019814 method=groovyjarjarantlr.InputBuffer.syncConsume()V @ 7
Event: 11.061 Thread 0x000001cb223f8000 Uncommon trap: reason=predicate action=maybe_recompile pc=0x000001cb2401bc34 method=groovyjarjarantlr.InputBuffer.syncConsume()V @ 7
Event: 11.490 Thread 0x000001cb223f8000 Uncommon trap: reason=unstable_if action=reinterpret pc=0x000001cb23deaca4 method=java.lang.Class$MethodArray.addIfNotPresent(Ljava/lang/reflect/Method;)V @ 19

Classes redefined (0 events):
No events

Internal exceptions (10 events):
Event: 11.561 Thread 0x000001cb223f8000 Exception <a 'java/lang/ClassNotFoundException': org/codehaus/groovy/runtime/DefaultGroovyMethodsBeanInfo> (0x0000000080337f50) thrown at [C:\jenkins\workspace\zulu-platform-build\zulu-src.git\hotspot\src\share\vm\classfile\systemDictionary.cpp, line 220]
Event: 11.563 Thread 0x000001cb223f8000 Exception <a 'java/lang/ClassNotFoundException': org/codehaus/groovy/runtime/DefaultGroovyMethodsSupportBeanInfo> (0x00000000804224a8) thrown at [C:\jenkins\workspace\zulu-platform-build\zulu-src.git\hotspot\src\share\vm\classfile\systemDictionary.cpp, li
Event: 11.579 Thread 0x000001cb223f8000 Exception <a 'java/lang/ClassNotFoundException': org/codehaus/groovy/runtime/DefaultGroovyMethodsSupportCustomizer> (0x00000000800ade60) thrown at [C:\jenkins\workspace\zulu-platform-build\zulu-src.git\hotspot\src\share\vm\classfile\systemDictionary.cpp, 
Event: 11.597 Thread 0x000001cb223f8000 Exception <a 'java/lang/ClassNotFoundException': org/codehaus/groovy/runtime/DefaultGroovyMethodsCustomizer> (0x0000000080192248) thrown at [C:\jenkins\workspace\zulu-platform-build\zulu-src.git\hotspot\src\share\vm\classfile\systemDictionary.cpp, line 22
Event: 11.837 Thread 0x000001cb223f8000 Exception <a 'java/lang/ClassNotFoundException': com/kms/katalon/core/testcase/TestCaseBindingBeanInfo> (0x000000008040c6a8) thrown at [C:\jenkins\workspace\zulu-platform-build\zulu-src.git\hotspot\src\share\vm\classfile\systemDictionary.cpp, line 220]
Event: 11.883 Thread 0x000001cb223f8000 Exception <a 'java/lang/ClassNotFoundException': com/kms/katalon/core/testcase/TestCaseBindingCustomizer> (0x0000000080035b10) thrown at [C:\jenkins\workspace\zulu-platform-build\zulu-src.git\hotspot\src\share\vm\classfile\systemDictionary.cpp, line 220]
Event: 11.887 Thread 0x000001cb223f8000 Exception <a 'java/lang/ClassNotFoundException': com/kms/katalon/core/model/FailureHandlingBeanInfo> (0x00000000800fa0d0) thrown at [C:\jenkins\workspace\zulu-platform-build\zulu-src.git\hotspot\src\share\vm\classfile\systemDictionary.cpp, line 220]
Event: 11.888 Thread 0x000001cb223f8000 Exception <a 'java/lang/ClassNotFoundException': java/lang/EnumBeanInfo> (0x0000000080137fc8) thrown at [C:\jenkins\workspace\zulu-platform-build\zulu-src.git\hotspot\src\share\vm\classfile\systemDictionary.cpp, line 220]
Event: 11.912 Thread 0x000001cb223f8000 Exception <a 'java/lang/ClassNotFoundException': java/lang/EnumCustomizer> (0x0000000080177dd0) thrown at [C:\jenkins\workspace\zulu-platform-build\zulu-src.git\hotspot\src\share\vm\classfile\systemDictionary.cpp, line 220]
Event: 11.929 Thread 0x000001cb223f8000 Exception <a 'java/lang/ClassNotFoundException': com/kms/katalon/core/model/FailureHandlingCustomizer> (0x0000000080203ce0) thrown at [C:\jenkins\workspace\zulu-platform-build\zulu-src.git\hotspot\src\share\vm\classfile\systemDictionary.cpp, line 220]

Events (10 events):
Event: 11.991 loading class java/lang/ExceptionInInitializerError
Event: 11.992 loading class java/lang/ExceptionInInitializerError done
Event: 12.007 loading class sun/security/pkcs/SigningCertificateInfo
Event: 12.009 loading class sun/security/pkcs/SigningCertificateInfo done
Event: 12.009 loading class sun/security/pkcs/ESSCertId
Event: 12.010 loading class sun/security/pkcs/ESSCertId done
Event: 12.012 loading class sun/security/rsa/RSASignature$SHA1withRSA
Event: 12.013 loading class sun/security/rsa/RSASignature$SHA1withRSA done
Event: 12.050 Thread 0x000001cb223f8000 DEOPT PACKING pc=0x000001cb2442a026 sp=0x0000000e2b7fa9e0
Event: 12.052 Thread 0x000001cb223f8000 DEOPT UNPACKING pc=0x000001cb23ca76d8 sp=0x0000000e2b7fa6e0 mode 0


Dynamic libraries:
0x00007ff7bef80000 - 0x00007ff7befd1000 	C:\Katalon\Katalon_Studio_Windows_64-8.6.5\jre\bin\javaw.exe
0x00007ffaa1e70000 - 0x00007ffaa2051000 	C:\Windows\SYSTEM32\ntdll.dll
0x00007ffaa1d80000 - 0x00007ffaa1e31000 	C:\Windows\System32\KERNEL32.DLL
0x00007ffa9e230000 - 0x00007ffa9e4a3000 	C:\Windows\System32\KERNELBASE.dll
0x00007ffaa1cd0000 - 0x00007ffaa1d71000 	C:\Windows\System32\ADVAPI32.dll
0x00007ffaa0a80000 - 0x00007ffaa0b1e000 	C:\Windows\System32\msvcrt.dll
0x00007ffaa0c50000 - 0x00007ffaa0cab000 	C:\Windows\System32\sechost.dll
0x00007ffaa0b20000 - 0x00007ffaa0c44000 	C:\Windows\System32\RPCRT4.dll
0x00007ffaa14b0000 - 0x00007ffaa1640000 	C:\Windows\System32\USER32.dll
0x00007ffa9e530000 - 0x00007ffa9e550000 	C:\Windows\System32\win32u.dll
0x00007ffaa1a70000 - 0x00007ffaa1a98000 	C:\Windows\System32\GDI32.dll
0x00007ffa9f150000 - 0x00007ffa9f2e1000 	C:\Windows\System32\gdi32full.dll
0x00007ffa9eec0000 - 0x00007ffa9ef5f000 	C:\Windows\System32\msvcp_win.dll
0x00007ffa9ed10000 - 0x00007ffa9ee08000 	C:\Windows\System32\ucrtbase.dll
0x00007ffa8d620000 - 0x00007ffa8d889000 	C:\Windows\WinSxS\amd64_microsoft.windows.common-controls_6595b64144ccf1df_6.0.17134.1304_none_d3fbe61b7c93d9f0\COMCTL32.dll
0x00007ffa9f2f0000 - 0x00007ffa9f611000 	C:\Windows\System32\combase.dll
0x00007ffa9e4b0000 - 0x00007ffa9e529000 	C:\Windows\System32\bcryptPrimitives.dll
0x00007ffaa0e90000 - 0x00007ffaa0ebd000 	C:\Windows\System32\IMM32.DLL
0x0000000066820000 - 0x0000000067090000 	C:\Katalon\Katalon_Studio_Windows_64-8.6.5\jre\bin\server\jvm.dll
0x00007ffaa0a70000 - 0x00007ffaa0a78000 	C:\Windows\System32\PSAPI.DLL
0x00007ffa8a4a0000 - 0x00007ffa8a4a9000 	C:\Windows\SYSTEM32\WSOCK32.dll
0x00007ffa9c4b0000 - 0x00007ffa9c4d3000 	C:\Windows\SYSTEM32\WINMM.dll
0x00007ffa91ec0000 - 0x00007ffa91eca000 	C:\Windows\SYSTEM32\VERSION.dll
0x00007ffaa1a00000 - 0x00007ffaa1a6c000 	C:\Windows\System32\WS2_32.dll
0x00007ffa92250000 - 0x00007ffa9226a000 	C:\Windows\SYSTEM32\VCRUNTIME140.dll
0x00007ffa9c480000 - 0x00007ffa9c4aa000 	C:\Windows\SYSTEM32\WINMMBASE.dll
0x00007ffa9ee70000 - 0x00007ffa9eeb9000 	C:\Windows\System32\cfgmgr32.dll
0x00007ffa9e1f0000 - 0x00007ffa9e201000 	C:\Windows\System32\kernel.appcore.dll
0x00007ffa8c7f0000 - 0x00007ffa8c800000 	C:\Katalon\Katalon_Studio_Windows_64-8.6.5\jre\bin\verify.dll
0x00007ffa84030000 - 0x00007ffa8405b000 	C:\Katalon\Katalon_Studio_Windows_64-8.6.5\jre\bin\java.dll
0x00007ffa88a30000 - 0x00007ffa88a48000 	C:\Katalon\Katalon_Studio_Windows_64-8.6.5\jre\bin\zip.dll
0x00007ffa9f620000 - 0x00007ffaa0a65000 	C:\Windows\System32\SHELL32.dll
0x00007ffaa1950000 - 0x00007ffaa19f9000 	C:\Windows\System32\shcore.dll
0x00007ffa9e550000 - 0x00007ffa9ec60000 	C:\Windows\System32\windows.storage.dll
0x00007ffaa13f0000 - 0x00007ffaa1441000 	C:\Windows\System32\shlwapi.dll
0x00007ffa9e1d0000 - 0x00007ffa9e1ef000 	C:\Windows\System32\profapi.dll
0x00007ffa9e180000 - 0x00007ffa9e1cc000 	C:\Windows\System32\powrprof.dll
0x00007ffa9e170000 - 0x00007ffa9e17a000 	C:\Windows\System32\FLTLIB.DLL
0x00007ffa88330000 - 0x00007ffa8834c000 	C:\Katalon\Katalon_Studio_Windows_64-8.6.5\jre\bin\net.dll
0x00007ffa9d990000 - 0x00007ffa9d9f6000 	C:\Windows\system32\mswsock.dll
0x00007ffa875b0000 - 0x00007ffa875c3000 	C:\Katalon\Katalon_Studio_Windows_64-8.6.5\jre\bin\nio.dll

VM Arguments:
jvm_args: -Dgroovy.home=C:\Users\s.paparoditis/.groovy -Djava.system.class.loader=groovy.lang.GroovyClassLoader -Xmx2048m -Dfile.encoding=UTF-8 
java_command: org.codehaus.groovy.tools.GroovyStarter --classpath C:\Users\s.paparoditis\Katalon Studio\First Test Project\bin\keyword;C:\Users\s.paparoditis\Katalon Studio\First Test Project\Keywords;C:\Users\s.paparoditis\Katalon Studio\First Test Project\bin\listener;C:\Users\s.paparoditis\Katalon Studio\First Test Project\Test Listeners;C:\Users\s.paparoditis\Katalon Studio\First Test Project\bin\lib;C:\Users\s.paparoditis\Katalon Studio\First Test Project\Libs;C:\Users\s.paparoditis\Katalon Studio\First Test Project\bin\groovy;C:\Users\s.paparoditis\Katalon Studio\First Test Project\Include\scripts\groovy;C:\Katalon\Katalon_Studio_Windows_64-8.6.5\plugins\com.kms.katalon.core_1.0.0.202305240718.jar;C:\Katalon\Katalon_Studio_Windows_64-8.6.5\configuration\resources\lib\aalto-xml-1.0.0.jar;C:\Katalon\Katalon_Studio_Windows_64-8.6.5\configuration\resources\lib\aspectjweaver-1.9.1.jar;C:\Katalon\Katalon_Studio_Windows_64-8.6.5\configuration\resources\lib\bcpkix-jdk15on-1.64.jar;C:\Katalon\Katalon_Studio_Windows_64-8.6.5\configuration\resources\lib\bcprov-jdk15on-1.64.jar;C:\Katalon\Katalon_Studio_Windows_64-8.6.5\configuration\resources\lib\browsermob-core-2.1.5.jar;C:\Katalon\Katalon_Studio_Windows_64-8.6.5\configuration\resources\lib\cglib-3.2.10.jar;C:\Katalon\Katalon_Studio_Windows_64-8.6.5\configuration\resources\lib\commons-codec-1.10.jar;C:\Katalon\Katalon_Studio_Windows_64-8.6.5\configuration\resources\lib\commons-collections4-4.1.jar;C:\Katalon\Katalon_Studio_Windows_64-8.6.5\configuration\resources\lib\commons-validator-1.6.jar;C:\Katalon\Katalon_Studio_Windows_64-8.6.5\configuration\resources\lib\curvesapi-1.04.jar;C:\Katalon\Katalon_Studio_Windows_64-8.6.5\configuration\resources\lib\dnsjava-2.1.8.jar;C:\Katalon\Katalon_Studio_Windows_64-8.6.5\configuration\resources\lib\java-client-7.0.0.jar;C:\Katalon\Katalon_Studio_Windows_64-8.6.5\configuration\resources\lib\jna-4.1.0.jar;C:\Katalon\Katalon_Studio_Windows_64-8.6.5\configuration\resources\lib\jna-p
java_class_path (initial): C:\Users\s.paparoditis\Katalon Studio\First Test Project\bin\keyword;C:\Users\s.paparoditis\Katalon Studio\First Test Project\bin\listener;C:\Users\s.paparoditis\Katalon Studio\First Test Project\bin\lib;C:\Users\s.paparoditis\Katalon Studio\First Test Project\bin\groovy;C:\Users\s.paparoditis\Katalon Studio\First Test Project\bin;C:\Katalon\Katalon_Studio_Windows_64-8.6.5\plugins\com.kms.katalon.core_1.0.0.202305240718.jar;C:\Katalon\Katalon_Studio_Windows_64-8.6.5\configuration\resources\lib\aalto-xml-1.0.0.jar;C:\Katalon\Katalon_Studio_Windows_64-8.6.5\configuration\resources\lib\aspectjweaver-1.9.1.jar;C:\Katalon\Katalon_Studio_Windows_64-8.6.5\configuration\resources\lib\bcpkix-jdk15on-1.64.jar;C:\Katalon\Katalon_Studio_Windows_64-8.6.5\configuration\resources\lib\bcprov-jdk15on-1.64.jar;C:\Katalon\Katalon_Studio_Windows_64-8.6.5\configuration\resources\lib\browsermob-core-2.1.5.jar;C:\Katalon\Katalon_Studio_Windows_64-8.6.5\configuration\resources\lib\cglib-3.2.10.jar;C:\Katalon\Katalon_Studio_Windows_64-8.6.5\configuration\resources\lib\commons-codec-1.10.jar;C:\Katalon\Katalon_Studio_Windows_64-8.6.5\configuration\resources\lib\commons-collections4-4.1.jar;C:\Katalon\Katalon_Studio_Windows_64-8.6.5\configuration\resources\lib\commons-validator-1.6.jar;C:\Katalon\Katalon_Studio_Windows_64-8.6.5\configuration\resources\lib\curvesapi-1.04.jar;C:\Katalon\Katalon_Studio_Windows_64-8.6.5\configuration\resources\lib\dnsjava-2.1.8.jar;C:\Katalon\Katalon_Studio_Windows_64-8.6.5\configuration\resources\lib\java-client-7.0.0.jar;C:\Katalon\Katalon_Studio_Windows_64-8.6.5\configuration\resources\lib\jna-4.1.0.jar;C:\Katalon\Katalon_Studio_Windows_64-8.6.5\configuration\resources\lib\jna-platform-4.1.0.jar;C:\Katalon\Katalon_Studio_Windows_64-8.6.5\configuration\resources\lib\jzlib-1.1.3.jar;C:\Katalon\Katalon_Studio_Windows_64-8.6.5\configuration\resources\lib\kat-server.jar;C:\Katalon\Katalon_Studio_Windows_64-8.6.5\configuration\resources\
Launcher Type: SUN_STANDARD

Environment Variables:
PATH=C:/Katalon/Katalon_Studio_Windows_64-8.6.5/jre/bin/server;C:/Katalon/Katalon_Studio_Windows_64-8.6.5/jre/bin;C:/Katalon/Katalon_Studio_Windows_64-8.6.5/jre/lib/amd64;C:\Program Files\Common Files\Oracle\Java\javapath;C:\Program Files (x86)\Common Files\Oracle\Java\javapath;C:\Windows\system32;C:\Windows;C:\Windows\System32\Wbem;C:\Windows\System32\WindowsPowerShell\v1.0\;C:\Windows\System32\OpenSSH\;C:\Program Files\nodejs;C:\Selenium\Drivers;C:\Program Files\nodejs\node_modules\npm;C:\Program Files\nodejs\node_modules\npm\node_modules;C:\Program Files\Java\jdk-20\bin;C:\Program Files\Java\jre-1.8\bin;C:\Program Files\Java\jre-1.8\bin;C:\Katalon\Katalon_Studio_Windows_64-8.6.5;
USERNAME=s.paparoditis
OS=Windows_NT
PROCESSOR_IDENTIFIER=Intel64 Family 6 Model 60 Stepping 3, GenuineIntel



---------------  S Y S T E M  ---------------

OS: Windows 10 , 64 bit Build 17134 (10.0.17134.753)
HyperV virtualization detected

CPU:total 1 (initial active 1) (1 cores per cpu, 1 threads per core) family 6 model 60 stepping 3, cmov, cx8, fxsr, mmx, sse, sse2, sse3, ssse3, sse4.1, sse4.2, popcnt, avx, avx2, aes, clmul, erms, lzcnt, tsc, bmi1, bmi2

Memory: 4k page, physical 1048116k(66344k free), swap 5242420k(4420k free)

vm_info: OpenJDK 64-Bit Server VM (25.362-b09) for windows-amd64 JRE (Zulu 8.68.0.21-CA-win64) (1.8.0_362-b09), built on Jan 19 2023 16:49:02 by "tester" with MS VC++ 15.9 (VS2017)

time: Thu Aug  3 15:11:57 2023
timezone: GMT Summer Time
elapsed time: 12.074294 seconds (0d 0h 0m 12s)

